# Logfile created on 2011-09-21 11:32:28 -0400 by logger.rb/25413
REQUESTING PAGE: GET /users with {} and HTTP headers {}
REQUESTING PAGE: GET /users/new with {} and HTTP headers {}
REQUESTING PAGE: GET /users with {} and HTTP headers {}
REQUESTING PAGE: GET /users/new with {} and HTTP headers {}
REQUESTING PAGE: GET /users with {} and HTTP headers {}
REQUESTING PAGE: GET /users/new with {} and HTTP headers {}
REQUESTING PAGE: GET /users with {} and HTTP headers {}
REQUESTING PAGE: GET /users/new with {} and HTTP headers {}
REQUESTING PAGE: GET /users/1 with {} and HTTP headers {}
REQUESTING PAGE: GET /users/new with {} and HTTP headers {}
REQUESTING PAGE: GET /users with {} and HTTP headers {}
REQUESTING PAGE: GET /users/new with {} and HTTP headers {}
REQUESTING PAGE: GET /users/new with {} and HTTP headers {}
REQUESTING PAGE: GET /users/new with {} and HTTP headers {}
REQUESTING PAGE: GET /users/new with {} and HTTP headers {}
REQUESTING PAGE: GET /users/new with {} and HTTP headers {}
REQUESTING PAGE: GET /users/new with {} and HTTP headers {}
REQUESTING PAGE: GET /users/new with {} and HTTP headers {}
REQUESTING PAGE: GET /images/new with {} and HTTP headers {}
REQUESTING PAGE: GET /users/new with {} and HTTP headers {}
REQUESTING PAGE: GET /images/new with {} and HTTP headers {}
REQUESTING PAGE: GET /images with {} and HTTP headers {}
REQUESTING PAGE: GET http://www.example.com/account with {} and HTTP headers {"HTTP_REFERER"=>"/images"}
REQUESTING PAGE: GET /images with {} and HTTP headers {}
REQUESTING PAGE: GET http://www.example.com/account with {} and HTTP headers {"HTTP_REFERER"=>"/images"}
REQUESTING PAGE: GET /images with {} and HTTP headers {}
REQUESTING PAGE: GET http://www.example.com/account with {} and HTTP headers {"HTTP_REFERER"=>"/images"}
REQUESTING PAGE: GET /images with {} and HTTP headers {}
REQUESTING PAGE: GET http://www.example.com/account with {} and HTTP headers {"HTTP_REFERER"=>"/images"}
REQUESTING PAGE: GET /images with {} and HTTP headers {}
REQUESTING PAGE: GET http://www.example.com/account with {} and HTTP headers {"HTTP_REFERER"=>"/images"}
REQUESTING PAGE: GET /images with {} and HTTP headers {}
REQUESTING PAGE: GET http://www.example.com/account with {} and HTTP headers {"HTTP_REFERER"=>"/images"}
REQUESTING PAGE: GET /images with {} and HTTP headers {}
REQUESTING PAGE: GET http://www.example.com/account with {} and HTTP headers {"HTTP_REFERER"=>"/images"}
REQUESTING PAGE: GET /images with {} and HTTP headers {}
REQUESTING PAGE: GET http://www.example.com/account with {} and HTTP headers {"HTTP_REFERER"=>"/images"}
REQUESTING PAGE: GET /images with {} and HTTP headers {}
REQUESTING PAGE: GET http://www.example.com/account with {} and HTTP headers {"HTTP_REFERER"=>"/images"}
REQUESTING PAGE: GET /images with {} and HTTP headers {}
REQUESTING PAGE: GET http://www.example.com/account with {} and HTTP headers {"HTTP_REFERER"=>"/images"}
REQUESTING PAGE: GET /images with {} and HTTP headers {}
REQUESTING PAGE: GET http://www.example.com/account with {} and HTTP headers {"HTTP_REFERER"=>"/images"}
REQUESTING PAGE: GET /images with {} and HTTP headers {}
REQUESTING PAGE: GET http://www.example.com/account with {} and HTTP headers {"HTTP_REFERER"=>"/images"}
REQUESTING PAGE: GET /users/new with {} and HTTP headers {}
REQUESTING PAGE: GET /images with {} and HTTP headers {}
REQUESTING PAGE: GET http://www.example.com/account with {} and HTTP headers {"HTTP_REFERER"=>"/images"}
REQUESTING PAGE: GET /users/new with {} and HTTP headers {}
REQUESTING PAGE: GET /images with {} and HTTP headers {}
REQUESTING PAGE: GET http://www.example.com/account with {} and HTTP headers {"HTTP_REFERER"=>"/images"}
REQUESTING PAGE: GET /images with {} and HTTP headers {}
REQUESTING PAGE: GET http://www.example.com/account with {} and HTTP headers {"HTTP_REFERER"=>"/images"}
REQUESTING PAGE: GET /users/new with {} and HTTP headers {}
REQUESTING PAGE: GET /images with {} and HTTP headers {}
REQUESTING PAGE: GET http://www.example.com/account with {} and HTTP headers {"HTTP_REFERER"=>"/images"}
REQUESTING PAGE: GET /images with {} and HTTP headers {}
REQUESTING PAGE: GET http://www.example.com/account with {} and HTTP headers {"HTTP_REFERER"=>"/images"}
REQUESTING PAGE: GET /images with {} and HTTP headers {}
REQUESTING PAGE: GET http://www.example.com/account with {} and HTTP headers {"HTTP_REFERER"=>"/images"}
REQUESTING PAGE: GET /users/new with {} and HTTP headers {}
REQUESTING PAGE: GET /images with {} and HTTP headers {}
REQUESTING PAGE: GET http://www.example.com/account with {} and HTTP headers {"HTTP_REFERER"=>"/images"}
REQUESTING PAGE: GET /images with {} and HTTP headers {}
REQUESTING PAGE: GET http://www.example.com/account with {} and HTTP headers {"HTTP_REFERER"=>"/images"}
REQUESTING PAGE: GET /images with {} and HTTP headers {}
REQUESTING PAGE: GET http://www.example.com/account with {} and HTTP headers {"HTTP_REFERER"=>"/images"}
REQUESTING PAGE: GET /users/new with {} and HTTP headers {}
REQUESTING PAGE: GET /users/new with {} and HTTP headers {}
REQUESTING PAGE: GET /images with {} and HTTP headers {}
REQUESTING PAGE: GET http://www.example.com/account with {} and HTTP headers {"HTTP_REFERER"=>"/images"}
REQUESTING PAGE: GET /images with {} and HTTP headers {}
REQUESTING PAGE: GET http://www.example.com/account with {} and HTTP headers {"HTTP_REFERER"=>"/images"}
REQUESTING PAGE: GET /images with {} and HTTP headers {}
REQUESTING PAGE: GET http://www.example.com/account with {} and HTTP headers {"HTTP_REFERER"=>"/images"}
REQUESTING PAGE: GET /users/new with {} and HTTP headers {}
REQUESTING PAGE: GET /images with {} and HTTP headers {}
REQUESTING PAGE: GET http://www.example.com/account with {} and HTTP headers {"HTTP_REFERER"=>"/images"}
REQUESTING PAGE: GET /images with {} and HTTP headers {}
REQUESTING PAGE: GET http://www.example.com/account with {} and HTTP headers {"HTTP_REFERER"=>"/images"}
REQUESTING PAGE: GET /images with {} and HTTP headers {}
REQUESTING PAGE: GET http://www.example.com/account with {} and HTTP headers {"HTTP_REFERER"=>"/images"}
REQUESTING PAGE: GET /images with {} and HTTP headers {}
REQUESTING PAGE: GET http://www.example.com/account with {} and HTTP headers {"HTTP_REFERER"=>"/images"}
REQUESTING PAGE: GET /users/new with {} and HTTP headers {}
REQUESTING PAGE: GET /images/1 with {} and HTTP headers {}
REQUESTING PAGE: GET /users/new with {} and HTTP headers {}
REQUESTING PAGE: GET /images/1 with {} and HTTP headers {}
REQUESTING PAGE: GET /users/new with {} and HTTP headers {}
REQUESTING PAGE: GET /images/1 with {} and HTTP headers {}
REQUESTING PAGE: GET /users/new with {} and HTTP headers {}
REQUESTING PAGE: GET /images/1 with {} and HTTP headers {}
REQUESTING PAGE: GET /images/1 with {} and HTTP headers {}
REQUESTING PAGE: GET /users/new with {} and HTTP headers {}
REQUESTING PAGE: GET /images/1 with {} and HTTP headers {}
REQUESTING PAGE: GET /images/1 with {} and HTTP headers {}
REQUESTING PAGE: GET /images/1 with {} and HTTP headers {}
REQUESTING PAGE: GET /images/1 with {} and HTTP headers {}
REQUESTING PAGE: GET /images/1 with {} and HTTP headers {}
REQUESTING PAGE: GET /images/1 with {} and HTTP headers {}
REQUESTING PAGE: GET /images/1 with {} and HTTP headers {}
REQUESTING PAGE: GET /images/1 with {} and HTTP headers {}
REQUESTING PAGE: GET /images/1 with {} and HTTP headers {}
REQUESTING PAGE: GET /images/1 with {} and HTTP headers {}
REQUESTING PAGE: GET /users/new with {} and HTTP headers {}
REQUESTING PAGE: GET /images/1 with {} and HTTP headers {}
REQUESTING PAGE: GET /images/1 with {} and HTTP headers {}
REQUESTING PAGE: GET /users/new with {} and HTTP headers {}
REQUESTING PAGE: GET /images/1 with {} and HTTP headers {}
REQUESTING PAGE: GET /images/1 with {} and HTTP headers {}
REQUESTING PAGE: GET /users/new with {} and HTTP headers {}
REQUESTING PAGE: GET /images/1 with {} and HTTP headers {}
REQUESTING PAGE: GET /images/1 with {} and HTTP headers {}
REQUESTING PAGE: GET /images/1 with {} and HTTP headers {}
REQUESTING PAGE: GET /images/1 with {} and HTTP headers {}
REQUESTING PAGE: GET /images/1 with {} and HTTP headers {}
REQUESTING PAGE: GET /images/1 with {} and HTTP headers {}
REQUESTING PAGE: GET /images/1 with {} and HTTP headers {}
REQUESTING PAGE: GET /images/1 with {} and HTTP headers {}
REQUESTING PAGE: GET /images/1 with {} and HTTP headers {}
REQUESTING PAGE: GET /images/1 with {} and HTTP headers {}
REQUESTING PAGE: GET /images/1 with {} and HTTP headers {}
REQUESTING PAGE: GET /images/1 with {} and HTTP headers {}
REQUESTING PAGE: GET /users/new with {} and HTTP headers {}
REQUESTING PAGE: GET /images/1 with {} and HTTP headers {}
REQUESTING PAGE: GET /images/1 with {} and HTTP headers {}
REQUESTING PAGE: GET /images/1 with {} and HTTP headers {}
REQUESTING PAGE: GET /images/1 with {} and HTTP headers {}
REQUESTING PAGE: GET /users/new with {} and HTTP headers {}
REQUESTING PAGE: GET /images/1 with {} and HTTP headers {}
REQUESTING PAGE: GET /images/1 with {} and HTTP headers {}
REQUESTING PAGE: GET /images/1 with {} and HTTP headers {}
REQUESTING PAGE: GET /images/1 with {} and HTTP headers {}
REQUESTING PAGE: GET /images/1 with {} and HTTP headers {}
REQUESTING PAGE: GET /images/1 with {} and HTTP headers {}
REQUESTING PAGE: GET /images/1 with {} and HTTP headers {}
REQUESTING PAGE: GET /images/1 with {} and HTTP headers {}
REQUESTING PAGE: GET /images/1 with {} and HTTP headers {}
REQUESTING PAGE: GET /images/1 with {} and HTTP headers {}
REQUESTING PAGE: GET /images/1 with {} and HTTP headers {}
REQUESTING PAGE: GET /images/1 with {} and HTTP headers {}
REQUESTING PAGE: GET /images/1 with {} and HTTP headers {}
REQUESTING PAGE: GET /images/1 with {} and HTTP headers {}
REQUESTING PAGE: GET /images/1 with {} and HTTP headers {}
REQUESTING PAGE: GET /images/1 with {} and HTTP headers {}
REQUESTING PAGE: GET /images/1 with {} and HTTP headers {}
REQUESTING PAGE: GET /images/1 with {} and HTTP headers {}
REQUESTING PAGE: GET /users/new with {} and HTTP headers {}
REQUESTING PAGE: GET /images/1 with {} and HTTP headers {}
REQUESTING PAGE: GET /images/1 with {} and HTTP headers {}
REQUESTING PAGE: GET /images/1 with {} and HTTP headers {}
REQUESTING PAGE: GET /images/1 with {} and HTTP headers {}
REQUESTING PAGE: GET /images/1 with {} and HTTP headers {}
REQUESTING PAGE: GET /images/1 with {} and HTTP headers {}
REQUESTING PAGE: GET /images/1 with {} and HTTP headers {}
REQUESTING PAGE: GET /images/1 with {} and HTTP headers {}
REQUESTING PAGE: GET /images/1 with {} and HTTP headers {}
REQUESTING PAGE: GET /images/1 with {} and HTTP headers {}
REQUESTING PAGE: GET /images/1 with {} and HTTP headers {}
REQUESTING PAGE: GET /users/new with {} and HTTP headers {}
REQUESTING PAGE: GET /images/1 with {} and HTTP headers {}
REQUESTING PAGE: GET /images/1 with {} and HTTP headers {}
REQUESTING PAGE: GET /images/1 with {} and HTTP headers {}
REQUESTING PAGE: GET /images/1 with {} and HTTP headers {}
REQUESTING PAGE: GET /images/1 with {} and HTTP headers {}
REQUESTING PAGE: GET /images/1 with {} and HTTP headers {}
REQUESTING PAGE: GET /images/1 with {} and HTTP headers {}
REQUESTING PAGE: GET /images/1 with {} and HTTP headers {}
REQUESTING PAGE: GET /images/1 with {} and HTTP headers {}
REQUESTING PAGE: GET /images/1 with {} and HTTP headers {}
REQUESTING PAGE: GET /images/1 with {} and HTTP headers {}
REQUESTING PAGE: GET /images/1 with {} and HTTP headers {}
REQUESTING PAGE: GET /images/1 with {} and HTTP headers {}
REQUESTING PAGE: GET /images/1 with {} and HTTP headers {}
REQUESTING PAGE: GET /images/1 with {} and HTTP headers {}
REQUESTING PAGE: GET /images/1 with {} and HTTP headers {}
REQUESTING PAGE: GET /images/1 with {} and HTTP headers {}
REQUESTING PAGE: GET /images/1 with {} and HTTP headers {}
REQUESTING PAGE: GET /images/1 with {} and HTTP headers {}
REQUESTING PAGE: GET /images/1 with {} and HTTP headers {}
REQUESTING PAGE: GET /images/1 with {} and HTTP headers {}
REQUESTING PAGE: GET /images/1 with {} and HTTP headers {}
REQUESTING PAGE: GET /images/1 with {} and HTTP headers {}
REQUESTING PAGE: GET /images/1 with {} and HTTP headers {}
REQUESTING PAGE: GET /images/1 with {} and HTTP headers {}
REQUESTING PAGE: GET /images/1 with {} and HTTP headers {}
REQUESTING PAGE: GET /images/1 with {} and HTTP headers {}
REQUESTING PAGE: GET /users/new with {} and HTTP headers {}
REQUESTING PAGE: GET /images/1 with {} and HTTP headers {}
REQUESTING PAGE: GET /images/1 with {} and HTTP headers {}
REQUESTING PAGE: GET /images/1 with {} and HTTP headers {}
REQUESTING PAGE: GET /images/1 with {} and HTTP headers {}
REQUESTING PAGE: GET /images/1 with {} and HTTP headers {}
REQUESTING PAGE: GET /images/1 with {} and HTTP headers {}
REQUESTING PAGE: GET /images/1 with {} and HTTP headers {}
REQUESTING PAGE: GET /images/1 with {} and HTTP headers {}
REQUESTING PAGE: GET /images/1 with {} and HTTP headers {}
REQUESTING PAGE: GET /images/1 with {} and HTTP headers {}
REQUESTING PAGE: GET /images/1 with {} and HTTP headers {}
REQUESTING PAGE: GET /images/1 with {} and HTTP headers {}
REQUESTING PAGE: GET /images/1 with {} and HTTP headers {}
REQUESTING PAGE: GET /images/1 with {} and HTTP headers {}
REQUESTING PAGE: GET /images/1 with {} and HTTP headers {}
REQUESTING PAGE: GET /images/1 with {} and HTTP headers {}
REQUESTING PAGE: GET /images/1 with {} and HTTP headers {}
REQUESTING PAGE: GET /images/1 with {} and HTTP headers {}
REQUESTING PAGE: GET /users/new with {} and HTTP headers {}
